Starting time: Starting time: CMIPS V1.0.3 by Carles Mateo - www.carlesmateo.com
Starting time: 
Tue Mar 11 21:05:45 2014

CMIPS V1.0.3 by Carles Mateo - www.carlesmateo.com
Starting time: 
Tue Mar 11 21:17:20 2014

CMIPS V1.0.4 by Carles Mateo - www.carlesmateo.com
Starting time: 
Wed Mar 12 17:47:51 2014

CMIPS V1.0.4 by Carles Mateo - www.carlesmateo.com
Starting time: 
Wed Mar 12 17:49:44 2014

CMIPS V1.0.4 by Carles Mateo - www.carlesmateo.com
Starting time: 
Wed Mar 12 17:50:19 2014

CMIPS V1.0.4 by Carles Mateo - www.carlesmateo.com
Starting time: 
Wed Mar 12 17:52:26 2014

CMIPS V1.0.4 by Carles Mateo - www.carlesmateo.com
Starting time: 
Wed Mar 12 17:55:35 2014

CMIPS V1.0.4 by Carles Mateo - www.carlesmateo.com
Starting time: 
Wed Mar 12 18:01:22 2014

CMIPS V1.0.4 by Carles Mateo - www.carlesmateo.com
Starting time: 
Wed Mar 12 18:04:38 2014

CMIPS V1.0.4 by Carles Mateo - www.carlesmateo.com
Starting time: 
Wed Mar 12 18:06:32 2014

CMIPS V1.0.4 by Carles Mateo - www.carlesmateo.com
Starting time: 
Wed Mar 12 18:06:49 2014

CMIPS V1.0.4 by Carles Mateo - www.carlesmateo.com
Starting time: 
Wed Mar 12 18:08:39 2014

CMIPS V1.0.4 by Carles Mateo - www.carlesmateo.com
Starting time: 
Wed Mar 12 18:11:37 2014

CMIPS V1.0.4 by Carles Mateo - www.carlesmateo.com
Starting time: 
Wed Mar 12 18:23:26 2014

CMIPS V1.0.4 by Carles Mateo - www.carlesmateo.com
Starting time: 
Wed Mar 12 18:24:40 2014

CMIPS V1.0.4 by Carles Mateo - www.carlesmateo.com
Starting time: 
Wed Mar 12 18:27:28 2014

CMIPS V1.0.4 by Carles Mateo - www.carlesmateo.com
Starting time: 
Wed Mar 12 18:29:55 2014

CMIPS V1.0.4 by Carles Mateo - www.carlesmateo.com
Starting time: 
Wed Mar 12 18:30:43 2014

CMIPS V1.0.4 by Carles Mateo - www.carlesmateo.com
Starting time: 
Wed Mar 12 18:31:16 2014

CMIPS V1.0.4 by Carles Mateo - www.carlesmateo.com
Starting time: 
Wed Mar 12 18:33:33 2014

CMIPS V1.0.4 by Carles Mateo - www.carlesmateo.com
Starting time: 
Wed Mar 12 18:34:00 2014

CMIPS V1.0.4 by Carles Mateo - www.carlesmateo.com
Starting time: 
Wed Mar 12 18:35:30 2014

CMIPS V1.0.4 by Carles Mateo - www.carlesmateo.com
Starting time: 
Wed Mar 12 18:37:53 2014

CMIPS V1.0.4 by Carles Mateo - www.carlesmateo.com
Starting time: 
Wed Mar 12 18:40:53 2014

